<?xml version="1.0" encoding="UTF-8"?>
<!-- Generated by org.testng.reporters.JUnitXMLReporter -->
<testsuite ignored="0" hostname="LAPTOP-S3TAVUIV" failures="1" tests="2" name="Test" time="16.108" errors="0" timestamp="2025-03-27T09:01:37 IST">
  <testcase classname="testCases.TC001_resistarion" name="verify_account_risistration" time="1.485"/>
  <testcase classname="testCases.TC002_Login" name="verifyLogin" time="10.611">
    <failure type="java.lang.AssertionError" message="expected [true] but found [false]">
      <![CDATA[java.lang.AssertionError: expected [true] but found [false]
at testCases.TC002_Login.verifyLogin(TC002_Login.java:32)
at java.base/java.util.ArrayList.forEach(ArrayList.java:1511)
... Removed 31 stack frames]]>
    </failure>
  </testcase> <!-- verifyLogin -->
</testsuite> <!-- Test -->
