<?xml version="1.0" encoding="UTF-8"?>
<testng-results ignored="0" total="2" passed="2" failed="0" skipped="0">
  <reporter-output>
  </reporter-output>
  <suite started-at="2025-04-01T09:07:53 IST" name="Suite" finished-at="2025-04-01T09:08:01 IST" duration-ms="7515">
    <groups>
      <group name="Sanity">
        <method signature="TC001_resistarion.verify_account_risistration()[pri:0, instance:testCases.TC001_resistarion@63eef88a]" name="verify_account_risistration" class="testCases.TC001_resistarion"/>
      </group> <!-- Sanity -->
      <group name="master">
        <method signature="TC001_resistarion.verify_account_risistration()[pri:0, instance:testCases.TC001_resistarion@63eef88a]" name="verify_account_risistration" class="testCases.TC001_resistarion"/>
        <method signature="TC002_Login.verifyLogin()[pri:0, instance:testCases.TC002_Login@282cb7c7]" name="verifyLogin" class="testCases.TC002_Login"/>
      </group> <!-- master -->
    </groups>
    <test started-at="2025-04-01T09:07:53 IST" name="Test" finished-at="2025-04-01T09:08:01 IST" duration-ms="7515">
      <class name="testCases.TC001_resistarion">
        <test-method is-config="true" signature="setup(java.lang.String,java.lang.String)[pri:0, instance:testCases.TC001_resistarion@63eef88a]" started-at="2025-04-01T09:07:53 IST" name="setup" finished-at="2025-04-01T09:07:56 IST" duration-ms="2059" status="PASS">
          <params>
            <param index="0">
              <value>
                <![CDATA[Windows]]>
              </value>
            </param>
            <param index="1">
              <value>
                <![CDATA[chrome]]>
              </value>
            </param>
          </params>
          <reporter-output>
          </reporter-output>
        </test-method> <!-- setup -->
        <test-method signature="verify_account_risistration()[pri:0, instance:testCases.TC001_resistarion@63eef88a]" started-at="2025-04-01T09:07:56 IST" name="verify_account_risistration" finished-at="2025-04-01T09:07:58 IST" duration-ms="2047" status="PASS">
          <reporter-output>
          </reporter-output>
        </test-method> <!-- verify_account_risistration -->
        <test-method is-config="true" signature="tearDown()[pri:0, instance:testCases.TC001_resistarion@63eef88a]" started-at="2025-04-01T09:07:58 IST" name="tearDown" finished-at="2025-04-01T09:07:58 IST" duration-ms="190" status="PASS">
          <reporter-output>
          </reporter-output>
        </test-method> <!-- tearDown -->
      </class> <!-- testCases.TC001_resistarion -->
      <class name="testCases.TC002_Login">
        <test-method is-config="true" signature="setup(java.lang.String,java.lang.String)[pri:0, instance:testCases.TC002_Login@282cb7c7]" started-at="2025-04-01T09:07:58 IST" name="setup" finished-at="2025-04-01T09:07:59 IST" duration-ms="1321" status="PASS">
          <params>
            <param index="0">
              <value>
                <![CDATA[Windows]]>
              </value>
            </param>
            <param index="1">
              <value>
                <![CDATA[chrome]]>
              </value>
            </param>
          </params>
          <reporter-output>
          </reporter-output>
        </test-method> <!-- setup -->
        <test-method signature="verifyLogin()[pri:0, instance:testCases.TC002_Login@282cb7c7]" started-at="2025-04-01T09:07:59 IST" name="verifyLogin" finished-at="2025-04-01T09:08:01 IST" duration-ms="1642" status="PASS">
          <reporter-output>
          </reporter-output>
        </test-method> <!-- verifyLogin -->
        <test-method is-config="true" signature="tearDown()[pri:0, instance:testCases.TC002_Login@282cb7c7]" started-at="2025-04-01T09:08:01 IST" name="tearDown" finished-at="2025-04-01T09:08:01 IST" duration-ms="215" status="PASS">
          <reporter-output>
          </reporter-output>
        </test-method> <!-- tearDown -->
      </class> <!-- testCases.TC002_Login -->
    </test> <!-- Test -->
  </suite> <!-- Suite -->
</testng-results>
