<?xml version="1.0" encoding="UTF-8"?>
<testng-results ignored="0" total="1" passed="1" failed="0" skipped="0">
  <reporter-output>
  </reporter-output>
  <suite started-at="2025-03-27T09:04:32 IST" name="Failed suite [Suite]" finished-at="2025-03-27T09:04:36 IST" duration-ms="4011">
    <groups>
      <group name="master">
        <method signature="TC002_Login.verifyLogin()[pri:0, instance:testCases.TC002_Login@3abada5a]" name="verifyLogin" class="testCases.TC002_Login"/>
      </group> <!-- master -->
    </groups>
    <test started-at="2025-03-27T09:04:32 IST" name="Test(failed)" finished-at="2025-03-27T09:04:36 IST" duration-ms="4011">
      <class name="testCases.TC002_Login">
        <test-method is-config="true" signature="setup(java.lang.String,java.lang.String)[pri:0, instance:testCases.TC002_Login@3abada5a]" started-at="2025-03-27T09:04:32 IST" name="setup" finished-at="2025-03-27T09:04:34 IST" duration-ms="2140" status="PASS">
          <params>
            <param index="0">
              <value>
                <![CDATA[Windows]]>
              </value>
            </param>
            <param index="1">
              <value>
                <![CDATA[chrome]]>
              </value>
            </param>
          </params>
          <reporter-output>
          </reporter-output>
        </test-method> <!-- setup -->
        <test-method signature="verifyLogin()[pri:0, instance:testCases.TC002_Login@3abada5a]" started-at="2025-03-27T09:04:34 IST" name="verifyLogin" finished-at="2025-03-27T09:04:36 IST" duration-ms="1637" status="PASS">
          <reporter-output>
          </reporter-output>
        </test-method> <!-- verifyLogin -->
        <test-method is-config="true" signature="tearDown()[pri:0, instance:testCases.TC002_Login@3abada5a]" started-at="2025-03-27T09:04:36 IST" name="tearDown" finished-at="2025-03-27T09:04:36 IST" duration-ms="192" status="PASS">
          <reporter-output>
          </reporter-output>
        </test-method> <!-- tearDown -->
      </class> <!-- testCases.TC002_Login -->
    </test> <!-- Test(failed) -->
  </suite> <!-- Failed suite [Suite] -->
</testng-results>
